
Loading MNIST Data...

Loading Training Data...

Loading Testing Data...

Preparing Classifier Training and Validation Data...

SVM Classifier with gamma = 0.1; Kernel = polynomial

Pickling the Classifier for Future Use...

Calculating Accuracy of trained Classifier...

Making Predictions on Validation Data...

Calculating Accuracy of Predictions...

Creating Confusion Matrix...

SVM Trained Classifier Accuracy:  0.9723333333333334

Predicted Values:  [1 9 6 ... 7 1 7]

Accuracy of Classifier on Validation Images:  0.9723333333333334

Confusion Matrix: 
 [[535   0   2   0   0   1   2   1   1   0]
 [  0 654   1   0   0   0   0   2   5   2]
 [  4   2 634   0   1   0   1   2   2   0]
 [  0   0   6 587   1   5   1   2   7   2]
 [  0   1   2   1 567   0   2   1   1   8]
 [  1   2   2   1   2 530   3   0   3   3]
 [  7   0   0   0   3   2 582   0   3   0]
 [  1   1   7   0   5   1   0 615   0   5]
 [  1   0   2   7   1   4   3   2 551   5]
 [  3   1   0   3   6   1   0   4   2 579]]

Making Predictions on Test Input Images...

Calculating Accuracy of Trained Classifier on Test Data... 

 Creating Confusion Matrix for Test Data...

Predicted Labels for Test Images:  [7 2 1 ... 4 5 6]

Accuracy of Classifier on Test Images:  0.9773

Confusion Matrix for Test Data: 
 [[ 973    0    1    1    0    2    0    1    2    0]
 [   0 1124    2    2    0    0    3    1    3    0]
 [   7    4 1002    0    2    1    5    7    4    0]
 [   0    2    2  988    0    6    0    4    5    3]
 [   3    0    2    0  964    0    3    0    0   10]
 [   2    2    1   11    1  863    3    1    5    3]
 [   4    5    1    0    3    7  936    0    2    0]
 [   0    9    9    1    0    0    0 1003    0    6]
 [   5    1    1    5    4    5    1    3  946    3]
 [   2    6    1    4    9    3    1    5    4  974]]
